n
o
t
 
l
o
g
 
c
o
n
f
i
g
 
f
i
l
e
,
 
t
o
o
 
l
o
n
g
Loaded MCU 'mcu' 105 commands (v0.11.0-205-g5f0d252b / gcc: (15:9-2019-q4-0ubuntu1) 9.2.1 20191025 (release) [ARM/arm-9-branch revision 277599] binutils: (2.34-4ubuntu1+13ubuntu1) 2.34)
MCU 'mcu' config: ADC_MAX=4095 BUS_PINS_i2c1=PB6,PB7 BUS_PINS_i2c1a=PB8,PB9 BUS_PINS_i2c2=PB10,PB11 BUS_PINS_spi1=PA6,PA7,PA5 BUS_PINS_spi1a=PB4,PB5,PB3 BUS_PINS_spi2=PB14,PB15,PB13 BUS_PINS_spi3=PB4,PB5,PB3 CLOCK_FREQ=72000000 MCU=stm32f103xe PWM_MAX=255 RESERVE_PINS_USB=PA11,PA12 STATS_SUMSQ_BASE=256 STEPPER_BOTH_EDGE=1
Configured MCU 'mcu' (457 moves)
Args: ['/home/tier/klipper/klippy/klippy.py', '/home/tier/printer_data/config/printer.cfg', '-I', '/home/tier/printer_data/comms/klippy.serial', '-l', '/home/tier/printer_data/logs/klippy.log', '-a', '/home/tier/printer_data/comms/klippy.sock']
Git version: 'v0.12.0-9-gbb4711c5-dirty'
Modified files: klippy/configfile.py, klippy/serialhdl.py
Branch: master
Remote: origin
Tracked URL: https://github.com/Klipper3d/klipper
CPU: 4 core ?
Python: '3.10.12 (main, Jun 11 2023, 05:26:28) [GCC 11.4.0]'
webhooks client 548158620432: {'program': 'Moonraker', 'version': 'v0.8.0-204-gfb15b2a'}
=============== Log rollover at Tue Apr 23 03:13:44 2024 ===============
Stats 34.6: gcodein=0  mcu: mcu_awake=0.003 mcu_task_avg=0.000013 mcu_task_stddev=0.000009 bytes_write=1402 bytes_read=7780 bytes_retransmit=9 bytes_invalid=0 send_seq=167 receive_seq=167 retransmit_seq=2 srtt=0.001 rttvar=0.001 rto=0.025 ready_bytes=0 upcoming_bytes=0 freq=72002300  heater_bed: target=0 temp=19.3 pwm=0.000 MAINBOARD: target=0 temp=19.9 pwm=0.000 sysload=0.68 cputime=7.978 memavail=750688 print_time=0.075 buffer_time=0.000 print_stall=0 extruder: target=0 temp=20.0 pwm=0.000 extruder1: target=0 temp=18.1 pwm=0.000
Stats 35.6: gcodein=0  mcu: mcu_awake=0.003 mcu_task_avg=0.000013 mcu_task_stddev=0.000009 bytes_write=1408 bytes_read=7978 bytes_retransmit=9 bytes_invalid=0 send_seq=168 receive_seq=168 retransmit_seq=2 srtt=0.001 rttvar=0.001 rto=0.025 ready_bytes=0 upcoming_bytes=0 freq=72002305  heater_bed: target=0 temp=19.3 pwm=0.000 MAINBOARD: target=0 temp=19.9 pwm=0.000 sysload=0.63 cputime=7.996 memavail=750856 print_time=0.075 buffer_time=0.000 print_stall=0 extruder: target=0 temp=19.3 pwm=0.000 extruder1: target=0 temp=18.8 pwm=0.000
Stats 36.6: gcodein=0  mcu: mcu_awake=0.003 mcu_task_avg=0.000013 mcu_task_stddev=0.000009 bytes_write=1414 bytes_read=8162 bytes_retransmit=9 bytes_invalid=0 send_seq=169 receive_seq=169 retransmit_seq=2 srtt=0.001 rttvar=0.001 rto=0.025 ready_bytes=0 upcoming_bytes=0 freq=72002334  heater_bed: target=0 temp=19.4 pwm=0.000 MAINBOARD: target=0 temp=19.9 pwm=0.000 sysload=0.63 cputime=8.011 memavail=750856 print_time=0.075 buffer_time=0.000 print_stall=0 extruder: target=0 temp=18.6 pwm=0.000 extruder1: target=0 temp=19.1 pwm=0.000
Stats 37.6: gcodein=0  mcu: mcu_awake=0.003 mcu_task_avg=0.000013 mcu_task_stddev=0.000009 bytes_write=1420 bytes_read=8388 bytes_retransmit=9 bytes_invalid=0 send_seq=170 receive_seq=170 retransmit_seq=2 srtt=0.001 rttvar=0.001 rto=0.025 ready_bytes=0 upcoming_bytes=0 freq=72002336  heater_bed: target=0 temp=19.3 pwm=0.000 MAINBOARD: target=0 temp=20.0 pwm=0.000 sysload=0.63 cputime=8.027 memavail=750856 print_time=0.075 buffer_time=0.000 print_stall=0 extruder: target=0 temp=17.6 pwm=0.000 extruder1: target=0 temp=19.3 pwm=0.000
Stats 38.6: gcodein=0  mcu: mcu_awake=0.003 mcu_task_avg=0.000013 mcu_task_stddev=0.000009 bytes_write=1426 bytes_read=8600 bytes_retransmit=9 bytes_invalid=0 send_seq=171 receive_seq=171 retransmit_seq=2 srtt=0.001 rttvar=0.001 rto=0.025 ready_bytes=0 upcoming_bytes=0 freq=72002325  heater_bed: target=0 temp=19.3 pwm=0.000 MAINBOARD: target=0 temp=20.0 pwm=0.000 sysload=0.63 cputime=8.043 memavail=750856 print_time=0.075 buffer_time=0.000 print_stall=0 extruder: target=0 temp=18.8 pwm=0.000 extruder1: target=0 temp=18.6 pwm=0.000
Stats 39.6: gcodein=0  mcu: mcu_awake=0.003 mcu_task_avg=0.000013 mcu_task_stddev=0.000009 bytes_write=1432 bytes_read=8784 bytes_retransmit=9 bytes_invalid=0 send_seq=172 receive_seq=172 retransmit_seq=2 srtt=0.001 rttvar=0.000 rto=0.025 ready_bytes=0 upcoming_bytes=0 freq=72002322  heater_bed: target=0 temp=19.3 pwm=0.000 MAINBOARD: target=0 temp=20.0 pwm=0.000 sysload=0.63 cputime=8.058 memavail=750856 print_time=0.075 buffer_time=0.000 print_stall=0 extruder: target=0 temp=18.6 pwm=0.000 extruder1: target=0 temp=18.3 pwm=0.000
Stats 40.6: gcodein=0  mcu: mcu_awake=0.003 mcu_task_avg=0.000013 mcu_task_stddev=0.000009 bytes_write=1438 bytes_read=9010 bytes_retransmit=9 bytes_invalid=0 send_seq=173 receive_seq=173 retransmit_seq=2 srtt=0.001 rttvar=0.000 rto=0.025 ready_bytes=0 upcoming_bytes=0 freq=72002318  heater_bed: target=0 temp=19.3 pwm=0.000 MAINBOARD: target=0 temp=20.1 pwm=0.000 sysload=0.66 cputime=8.075 memavail=750864 print_time=0.075 buffer_time=0.000 print_stall=0 extruder: target=0 temp=20.0 pwm=0.000 extruder1: target=0 temp=19.3 pwm=0.000
Stats 41.6: gcodein=0  mcu: mcu_awake=0.003 mcu_task_avg=0.000013 mcu_task_stddev=0.000009 bytes_write=1444 bytes_read=9208 bytes_retransmit=9 bytes_invalid=0 send_seq=174 receive_seq=174 retransmit_seq=2 srtt=0.001 rttvar=0.000 rto=0.025 ready_bytes=0 upcoming_bytes=0 freq=72002322  heater_bed: target=0 temp=19.3 pwm=0.000 MAINBOARD: target=0 temp=20.1 pwm=0.000 sysload=0.66 cputime=8.091 memavail=750864 print_time=0.075 buffer_time=0.000 print_stall=0 extruder: target=0 temp=20.0 pwm=0.000 extruder1: target=0 temp=19.3 pwm=0.000
Stats 42.6: gcodein=0  mcu: mcu_awake=0.003 mcu_task_avg=0.000013 mcu_task_stddev=0.000009 bytes_write=1450 bytes_read=9392 bytes_retransmit=9 bytes_invalid=0 send_seq=175 receive_seq=175 retransmit_seq=2 srtt=0.001 rttvar=0.000 rto=0.025 ready_bytes=0 upcoming_bytes=0 freq=72002316  heater_bed: target=0 temp=19.3 pwm=0.000 MAINBOARD: target=0 temp=20.1 pwm=0.000 sysload=0.66 cputime=8.105 memavail=750880 print_time=0.075 buffer_time=0.000 print_stall=0 extruder: target=0 temp=18.3 pwm=0.000 extruder1: target=0 temp=17.3 pwm=0.000
Stats 43.6: gcodein=0  mcu: mcu_awake=0.003 mcu_task_avg=0.000013 mcu_task_stddev=0.000009 bytes_write=1456 bytes_read=9632 bytes_retransmit=9 bytes_invalid=0 send_seq=176 receive_seq=176 retransmit_seq=2 srtt=0.000 rttvar=0.000 rto=0.025 ready_bytes=0 upcoming_bytes=0 freq=72002314  heater_bed: target=0 temp=19.2 pwm=0.000 MAINBOARD: target=0 temp=20.1 pwm=0.000 sysload=0.66 cputime=8.122 memavail=750880 print_time=0.075 buffer_time=0.000 print_stall=0 extruder: target=0 temp=17.8 pwm=0.000 extruder1: target=0 temp=18.3 pwm=0.000
Stats 44.6: gcodein=0  mcu: mcu_awake=0.003 mcu_task_avg=0.000013 mcu_task_stddev=0.000009 bytes_write=1462 bytes_read=9830 bytes_retransmit=9 bytes_invalid=0 send_seq=177 receive_seq=177 retransmit_seq=2 srtt=0.000 rttvar=0.000 rto=0.025 ready_bytes=0 upcoming_bytes=0 freq=72002331  heater_bed: target=0 temp=19.3 pwm=0.000 MAINBOARD: target=0 temp=20.1 pwm=0.000 sysload=0.66 cputime=8.138 memavail=750880 print_time=0.075 buffer_time=0.000 print_stall=0 extruder: target=0 temp=19.3 pwm=0.000 extruder1: target=0 temp=17.8 pwm=0.000
Stats 45.6: gcodein=0  mcu: mcu_awake=0.003 mcu_task_avg=0.000013 mcu_task_stddev=0.000009 bytes_write=1468 bytes_read=10014 bytes_retransmit=9 bytes_invalid=0 send_seq=178 receive_seq=178 retransmit_seq=2 srtt=0.000 rttvar=0.000 rto=0.025 ready_bytes=0 upcoming_bytes=0 freq=72002326  heater_bed: target=0 temp=19.1 pwm=0.000 MAINBOARD: target=0 temp=20.1 pwm=0.000 sysload=0.84 cputime=8.153 memavail=750880 print_time=0.075 buffer_time=0.000 print_stall=0 extruder: target=0 temp=19.5 pwm=0.000 extruder1: target=0 temp=18.6 pwm=0.000
Stats 46.6: gcodein=0  mcu: mcu_awake=0.003 mcu_task_avg=0.000013 mcu_task_stddev=0.000009 bytes_write=1474 bytes_read=10240 bytes_retransmit=9 bytes_invalid=0 send_seq=179 receive_seq=179 retransmit_seq=2 srtt=0.000 rttvar=0.000 rto=0.025 ready_bytes=0 upcoming_bytes=0 freq=72002325  heater_bed: target=0 temp=19.3 pwm=0.000 MAINBOARD: target=0 temp=20.2 pwm=0.000 sysload=0.84 cputime=8.170 memavail=750888 print_time=0.075 buffer_time=0.000 print_stall=0 extruder: target=0 temp=19.3 pwm=0.000 extruder1: target=0 temp=18.8 pwm=0.000
Stats 47.6: gcodein=0  mcu: mcu_awake=0.003 mcu_task_avg=0.000013 mcu_task_stddev=0.000009 bytes_write=1480 bytes_read=10438 bytes_retransmit=9 bytes_invalid=0 send_seq=180 receive_seq=180 retransmit_seq=2 srtt=0.000 rttvar=0.000 rto=0.025 ready_bytes=0 upcoming_bytes=0 freq=72002325  heater_bed: target=0 temp=19.3 pwm=0.000 MAINBOARD: target=0 temp=20.2 pwm=0.000 sysload=0.84 cputime=8.186 memavail=750888 print_time=0.075 buffer_time=0.000 print_stall=0 extruder: target=0 temp=19.5 pwm=0.000 extruder1: target=0 temp=19.3 pwm=0.000
Stats 48.6: gcodein=0  mcu: mcu_awake=0.003 mcu_task_avg=0.000013 mcu_task_stddev=0.000009 bytes_write=1486 bytes_read=10636 bytes_retransmit=9 bytes_invalid=0 send_seq=181 receive_seq=181 retransmit_seq=2 srtt=0.000 rttvar=0.000 rto=0.025 ready_bytes=0 upcoming_bytes=0 freq=72002323  heater_bed: target=0 temp=19.2 pwm=0.000 MAINBOARD: target=0 temp=20.2 pwm=0.000 sysload=0.84 cputime=8.201 memavail=750888 print_time=0.075 buffer_time=0.000 print_stall=0 extruder: target=0 temp=18.6 pwm=0.000 extruder1: target=0 temp=18.6 pwm=0.000
Stats 49.6: gcodein=0  mcu: mcu_awake=0.003 mcu_task_avg=0.000013 mcu_task_stddev=0.000009 bytes_write=1492 bytes_read=10862 bytes_retransmit=9 bytes_invalid=0 send_seq=182 receive_seq=182 retransmit_seq=2 srtt=0.000 rttvar=0.000 rto=0.025 ready_bytes=0 upcoming_bytes=0 freq=72002324  heater_bed: target=0 temp=19.1 pwm=0.000 MAINBOARD: target=0 temp=20.2 pwm=0.000 sysload=0.84 cputime=8.217 memavail=751268 print_time=0.075 buffer_time=0.000 print_stall=0 extruder: target=0 temp=19.1 pwm=0.000 extruder1: target=0 temp=18.3 pwm=0.000
Stats 50.6: gcodein=0  mcu: mcu_awake=0.003 mcu_task_avg=0.000013 mcu_task_stddev=0.000009 bytes_write=1498 bytes_read=11060 bytes_retransmit=9 bytes_invalid=0 send_seq=183 receive_seq=183 retransmit_seq=2 srtt=0.000 rttvar=0.000 rto=0.025 ready_bytes=0 upcoming_bytes=0 freq=72002323  heater_bed: target=0 temp=19.2 pwm=0.000 MAINBOARD: target=0 temp=20.2 pwm=0.000 sysload=0.86 cputime=8.232 memavail=751268 print_time=0.075 buffer_time=0.000 print_stall=0 extruder: target=0 temp=19.5 pwm=0.000 extruder1: target=0 temp=19.1 pwm=0.000
Stats 51.6: gcodein=0  mcu: mcu_awake=0.003 mcu_task_avg=0.000013 mcu_task_stddev=0.000009 bytes_write=1504 bytes_read=11244 bytes_retransmit=9 bytes_invalid=0 send_seq=184 receive_seq=184 retransmit_seq=2 srtt=0.000 rttvar=0.000 rto=0.025 ready_bytes=0 upcoming_bytes=0 freq=72002325  heater_bed: target=0 temp=19.3 pwm=0.000 MAINBOARD: target=0 temp=20.2 pwm=0.000 sysload=0.86 cputime=8.247 memavail=751292 print_time=0.075 buffer_time=0.000 print_stall=0 extruder: target=0 temp=18.3 pwm=0.000 extruder1: target=0 temp=19.1 pwm=0.000
Stats 52.6: gcodein=0  mcu: mcu_awake=0.003 mcu_task_avg=0.000013 mcu_task_stddev=0.000009 bytes_write=1510 bytes_read=11456 bytes_retransmit=9 bytes_invalid=0 send_seq=185 receive_seq=185 retransmit_seq=2 srtt=0.000 rttvar=0.000 rto=0.025 ready_bytes=0 upcoming_bytes=0 freq=72002323  heater_bed: target=0 temp=19.3 pwm=0.000 MAINBOARD: target=0 temp=20.3 pwm=0.000 sysload=0.86 cputime=8.262 memavail=751292 print_time=0.075 buffer_time=0.000 print_stall=0 extruder: target=0 temp=18.6 pwm=0.000 extruder1: target=0 temp=20.2 pwm=0.000
